<?xml version='1.0' encoding='UTF-8'?>
<testsuite hostname="DESKTOP-ABMTF4L" name="MyHW3Test" tests="5" errors="0" failures="0" skipped="0" time="0.031" timestamp="2022-04-10T13:40:52">
          <properties>
[...]
</properties>
          <testcase classname="MyHW3Test" name="my first language for set theory operations should testing AbstractClassDef with abstract class name of Someclass" time="0.019">
                      
                    </testcase><testcase classname="MyHW3Test" name="my first language for set theory operations should testing AbstractClassDef with abstract class name of SomeAbstractClass even though there is already an existing class with that name" time="0.0">
                      
                    </testcase><testcase classname="MyHW3Test" name="my first language for set theory operations should testing ExtendClassDef with class name SomeClass that extends SomeAbstractClass" time="0.007">
                      
                    </testcase><testcase classname="MyHW3Test" name="my first language for set theory operations should testing InterfaceDef with string newinter adding abstract class named abstractclass in body" time="0.004">
                      
                    </testcase><testcase classname="MyHW3Test" name="my first language for set theory operations should testing CallingClass with class called SomeClass that is trying to call method from SomeAbstractClass" time="0.001">
                      
                    </testcase>
          <system-out><![CDATA[]]></system-out>
          <system-err><![CDATA[]]></system-err>
        </testsuite>